<?xml version="1.0" encoding="UTF-8"?>
<testng-results ignored="0" total="1" passed="1" failed="0" skipped="0">
  <reporter-output>
  </reporter-output>
  <suite started-at="2023-10-23T18:50:18 COT" name="Surefire suite" finished-at="2023-10-23T18:50:36 COT" duration-ms="18696">
    <groups>
    </groups>
    <test started-at="2023-10-23T18:50:18 COT" name="Surefire test" finished-at="2023-10-23T18:50:36 COT" duration-ms="18696">
      <class name="rembe.demoblaze_automation.AppTest">
        <test-method signature="testDemoBlaze() throws java.lang.InterruptedException" started-at="2023-10-23T18:50:18 COT" name="testDemoBlaze" finished-at="2023-10-23T18:50:36 COT" duration-ms="18506" status="PASS">
          <reporter-output>
          </reporter-output>
        </test-method> <!-- testDemoBlaze -->
      </class> <!-- rembe.demoblaze_automation.AppTest -->
    </test> <!-- Surefire test -->
  </suite> <!-- Surefire suite -->
</testng-results>
