<?xml version="1.0" encoding="UTF-8"?>
<testsuite xmlns:xsi="http://www.w3.org/2001/XMLSchema-instance" xsi:noNamespaceSchemaLocation="https://maven.apache.org/surefire/maven-surefire-plugin/xsd/surefire-test-report.xsd" name="rembe.demoblaze_automation.AppTest" time="21.25" tests="1" errors="0" skipped="0" failures="0">
  <properties>
[...]
</properties>
  <testcase name="testDemoBlaze on testDemoBlaze(rembe.demoblaze_automation.AppTest)" classname="rembe.demoblaze_automation.AppTest" time="18.471"/>
</testsuite>